/images              [36m (Status: 301)[0m [Size: 313][34m [--> http://10.10.11.183/images/][0m
/.html.bak           [33m (Status: 403)[0m [Size: 277]
/.html               [33m (Status: 403)[0m [Size: 277]
/.htm                [33m (Status: 403)[0m [Size: 277]
/.htm.bak            [33m (Status: 403)[0m [Size: 277]
/tags                [36m (Status: 301)[0m [Size: 311][34m [--> http://10.10.11.183/tags/][0m
/.                   [32m (Status: 200)[0m [Size: 3654]
/.htaccess.bak       [33m (Status: 403)[0m [Size: 277]
/.htaccess           [33m (Status: 403)[0m [Size: 277]
/categories          [36m (Status: 301)[0m [Size: 317][34m [--> http://10.10.11.183/categories/][0m
/posts               [36m (Status: 301)[0m [Size: 312][34m [--> http://10.10.11.183/posts/][0m
/.htc                [33m (Status: 403)[0m [Size: 277]
/.htc.bak            [33m (Status: 403)[0m [Size: 277]
/.html_var_DE        [33m (Status: 403)[0m [Size: 277]
/.html_var_DE.bak    [33m (Status: 403)[0m [Size: 277]
/server-status       [33m (Status: 403)[0m [Size: 277]
/.htpasswd           [33m (Status: 403)[0m [Size: 277]
/.htpasswd.bak       [33m (Status: 403)[0m [Size: 277]
/.html.              [33m (Status: 403)[0m [Size: 277]
/.html..bak          [33m (Status: 403)[0m [Size: 277]
/.html.html          [33m (Status: 403)[0m [Size: 277]
/.html.html.bak      [33m (Status: 403)[0m [Size: 277]
/.htpasswds          [33m (Status: 403)[0m [Size: 277]
/.htpasswds.bak      [33m (Status: 403)[0m [Size: 277]
/.htm.               [33m (Status: 403)[0m [Size: 277]
/.htm..bak           [33m (Status: 403)[0m [Size: 277]
/.htmll              [33m (Status: 403)[0m [Size: 277]
/.htmll.bak          [33m (Status: 403)[0m [Size: 277]
/.html.old           [33m (Status: 403)[0m [Size: 277]
/.html.old.bak       [33m (Status: 403)[0m [Size: 277]
/.ht                 [33m (Status: 403)[0m [Size: 277]
/.ht.bak             [33m (Status: 403)[0m [Size: 277]
/.html.bak.bak       [33m (Status: 403)[0m [Size: 277]
/.html.bak           [33m (Status: 403)[0m [Size: 277]
/.htm.htm            [33m (Status: 403)[0m [Size: 277]
/.htm.htm.bak        [33m (Status: 403)[0m [Size: 277]
/.hta.bak            [33m (Status: 403)[0m [Size: 277]
/.hta                [33m (Status: 403)[0m [Size: 277]
/.htgroup            [33m (Status: 403)[0m [Size: 277]
/.html1              [33m (Status: 403)[0m [Size: 277]
/.htgroup.bak        [33m (Status: 403)[0m [Size: 277]
/.html1.bak          [33m (Status: 403)[0m [Size: 277]
/.html.printable     [33m (Status: 403)[0m [Size: 277]
/.html.LCK           [33m (Status: 403)[0m [Size: 277]
/.html.LCK.bak       [33m (Status: 403)[0m [Size: 277]
/.html.printable.bak [33m (Status: 403)[0m [Size: 277]
/.htm.LCK            [33m (Status: 403)[0m [Size: 277]
/.htm.LCK.bak        [33m (Status: 403)[0m [Size: 277]
/.htaccess.bak       [33m (Status: 403)[0m [Size: 277]
/.htaccess.bak.bak   [33m (Status: 403)[0m [Size: 277]
/.html.php.bak       [33m (Status: 403)[0m [Size: 277]
/.html.php           [33m (Status: 403)[0m [Size: 277]
/.htmls.bak          [33m (Status: 403)[0m [Size: 277]
/.htmls              [33m (Status: 403)[0m [Size: 277]
/.htx.bak            [33m (Status: 403)[0m [Size: 277]
/.htx                [33m (Status: 403)[0m [Size: 277]
/.htlm               [33m (Status: 403)[0m [Size: 277]
/.htlm.bak           [33m (Status: 403)[0m [Size: 277]
/.htm2               [33m (Status: 403)[0m [Size: 277]
/.htm2.bak           [33m (Status: 403)[0m [Size: 277]
/.html-              [33m (Status: 403)[0m [Size: 277]
/.htuser             [33m (Status: 403)[0m [Size: 277]
/.html-.bak          [33m (Status: 403)[0m [Size: 277]
/.htuser.bak         [33m (Status: 403)[0m [Size: 277]
/.htacess            [33m (Status: 403)[0m [Size: 277]
/.htm.d              [33m (Status: 403)[0m [Size: 277]
/.htacess.bak        [33m (Status: 403)[0m [Size: 277]
/.htm.old            [33m (Status: 403)[0m [Size: 277]
/.htm.html           [33m (Status: 403)[0m [Size: 277]
/.htm.d.bak          [33m (Status: 403)[0m [Size: 277]
/.htm.html.bak       [33m (Status: 403)[0m [Size: 277]
/.htm.old.bak        [33m (Status: 403)[0m [Size: 277]
/.html-1             [33m (Status: 403)[0m [Size: 277]
/.html-1.bak         [33m (Status: 403)[0m [Size: 277]
/.html_              [33m (Status: 403)[0m [Size: 277]
/.html.orig          [33m (Status: 403)[0m [Size: 277]
/.html.sav           [33m (Status: 403)[0m [Size: 277]
/.html.orig.bak      [33m (Status: 403)[0m [Size: 277]
/.html.sav.bak       [33m (Status: 403)[0m [Size: 277]
/.html_.bak          [33m (Status: 403)[0m [Size: 277]
/.html_files         [33m (Status: 403)[0m [Size: 277]
/.html_files.bak     [33m (Status: 403)[0m [Size: 277]
/.htmlprint          [33m (Status: 403)[0m [Size: 277]
/.htmlpar.bak        [33m (Status: 403)[0m [Size: 277]
/.htmlpar            [33m (Status: 403)[0m [Size: 277]
/.hts                [33m (Status: 403)[0m [Size: 277]
/.hts.bak            [33m (Status: 403)[0m [Size: 277]
/.htmlprint.bak      [33m (Status: 403)[0m [Size: 277]
/.htaccess.old       [33m (Status: 403)[0m [Size: 277]
/.htm.bak            [33m (Status: 403)[0m [Size: 277]
/.htaccess.old.bak   [33m (Status: 403)[0m [Size: 277]
/.htm.bak.bak        [33m (Status: 403)[0m [Size: 277]
/.htm.rc             [33m (Status: 403)[0m [Size: 277]
/.htm3               [33m (Status: 403)[0m [Size: 277]
/.htm.rc.bak         [33m (Status: 403)[0m [Size: 277]
/.htm3.bak           [33m (Status: 403)[0m [Size: 277]
/.htm5               [33m (Status: 403)[0m [Size: 277]
/.htm5.bak           [33m (Status: 403)[0m [Size: 277]
/.htm7.bak           [33m (Status: 403)[0m [Size: 277]
/.htm7               [33m (Status: 403)[0m [Size: 277]
/.html--             [33m (Status: 403)[0m [Size: 277]
/.htm_               [33m (Status: 403)[0m [Size: 277]
/.htm_.bak           [33m (Status: 403)[0m [Size: 277]
/.htm8.bak           [33m (Status: 403)[0m [Size: 277]
/.htm8               [33m (Status: 403)[0m [Size: 277]
/.html--.bak         [33m (Status: 403)[0m [Size: 277]
/.html-0             [33m (Status: 403)[0m [Size: 277]
/.html-2             [33m (Status: 403)[0m [Size: 277]
/.html-0.bak         [33m (Status: 403)[0m [Size: 277]
/.html-old.bak       [33m (Status: 403)[0m [Size: 277]
/.html-old           [33m (Status: 403)[0m [Size: 277]
/.html-2.bak         [33m (Status: 403)[0m [Size: 277]
/.html-c             [33m (Status: 403)[0m [Size: 277]
/.html-c.bak         [33m (Status: 403)[0m [Size: 277]
/.html.htm           [33m (Status: 403)[0m [Size: 277]
/.html-p             [33m (Status: 403)[0m [Size: 277]
/.html-p.bak         [33m (Status: 403)[0m [Size: 277]
/.html.inc.bak       [33m (Status: 403)[0m [Size: 277]
/.html.images        [33m (Status: 403)[0m [Size: 277]
/.html.htm.bak       [33m (Status: 403)[0m [Size: 277]
/.html.images.bak    [33m (Status: 403)[0m [Size: 277]
/.html.inc           [33m (Status: 403)[0m [Size: 277]
/.html.none          [33m (Status: 403)[0m [Size: 277]
/.html.none.bak      [33m (Status: 403)[0m [Size: 277]
/.html.pdf           [33m (Status: 403)[0m [Size: 277]
/.html4              [33m (Status: 403)[0m [Size: 277]
/.html.start         [33m (Status: 403)[0m [Size: 277]
/.html.txt           [33m (Status: 403)[0m [Size: 277]
/.html.pdf.bak       [33m (Status: 403)[0m [Size: 277]
/.html.start.bak     [33m (Status: 403)[0m [Size: 277]
/.html.txt.bak       [33m (Status: 403)[0m [Size: 277]
/.html4.bak          [33m (Status: 403)[0m [Size: 277]
/.html5              [33m (Status: 403)[0m [Size: 277]
/.html7.bak          [33m (Status: 403)[0m [Size: 277]
/.html5.bak          [33m (Status: 403)[0m [Size: 277]
/.html7              [33m (Status: 403)[0m [Size: 277]
/.htmlBAK.bak        [33m (Status: 403)[0m [Size: 277]
/.htmlBAK            [33m (Status: 403)[0m [Size: 277]
/.htmlDolmetschen    [33m (Status: 403)[0m [Size: 277]
/.htmlDolmetschen.bak[33m (Status: 403)[0m [Size: 277]
/.html_old           [33m (Status: 403)[0m [Size: 277]
/.htmlc.bak          [33m (Status: 403)[0m [Size: 277]
/.htmlc              [33m (Status: 403)[0m [Size: 277]
/.htmla              [33m (Status: 403)[0m [Size: 277]
/.htmla.bak          [33m (Status: 403)[0m [Size: 277]
/.html_old.bak       [33m (Status: 403)[0m [Size: 277]
/.htmlfeed.bak       [33m (Status: 403)[0m [Size: 277]
/.htmlfeed           [33m (Status: 403)[0m [Size: 277]
/.htmlq.bak          [33m (Status: 403)[0m [Size: 277]
/.htmlq              [33m (Status: 403)[0m [Size: 277]
/.htn                [33m (Status: 403)[0m [Size: 277]
/.htmlu.bak          [33m (Status: 403)[0m [Size: 277]
/.htn.bak            [33m (Status: 403)[0m [Size: 277]
/.htmlu              [33m (Status: 403)[0m [Size: 277]
