/index.php            (Status: 200) [Size: 10014]
/images               (Status: 301) [Size: 326] [--> http://glasgowsmile.pg/joomla/images/]
/templates            (Status: 301) [Size: 329] [--> http://glasgowsmile.pg/joomla/templates/]
/media                (Status: 301) [Size: 325] [--> http://glasgowsmile.pg/joomla/media/]
/modules              (Status: 301) [Size: 327] [--> http://glasgowsmile.pg/joomla/modules/]
/bin                  (Status: 301) [Size: 323] [--> http://glasgowsmile.pg/joomla/bin/]
/plugins              (Status: 301) [Size: 327] [--> http://glasgowsmile.pg/joomla/plugins/]
/includes             (Status: 301) [Size: 328] [--> http://glasgowsmile.pg/joomla/includes/]
/language             (Status: 301) [Size: 328] [--> http://glasgowsmile.pg/joomla/language/]
/README.txt           (Status: 200) [Size: 4874]
/components           (Status: 301) [Size: 330] [--> http://glasgowsmile.pg/joomla/components/]
/cache                (Status: 301) [Size: 325] [--> http://glasgowsmile.pg/joomla/cache/]
/libraries            (Status: 301) [Size: 329] [--> http://glasgowsmile.pg/joomla/libraries/]
/robots.txt           (Status: 200) [Size: 836]
/tmp                  (Status: 301) [Size: 323] [--> http://glasgowsmile.pg/joomla/tmp/]
/LICENSE.txt          (Status: 200) [Size: 18092]
/layouts              (Status: 301) [Size: 327] [--> http://glasgowsmile.pg/joomla/layouts/]
/administrator        (Status: 301) [Size: 333] [--> http://glasgowsmile.pg/joomla/administrator/]
/configuration.php    (Status: 200) [Size: 0]
/htaccess.txt         (Status: 200) [Size: 3005]
/cli                  (Status: 301) [Size: 323] [--> http://glasgowsmile.pg/joomla/cli/]
